<?xml version="1.0" encoding="UTF-8"?>
<testsuite name="com.bmarques.movieapi.MovieControllerTest" tests="1" skipped="0" failures="0" errors="0" timestamp="2022-07-14T01:30:27" hostname="wbrain-23kml7h" time="0.495">
  <properties/>
  <testcase name="Should be return one winner and a another winner" classname="com.bmarques.movieapi.MovieControllerTest" time="0.495"/>
  <system-out><![CDATA[22:30:21.988 [Test worker] DEBUG org.springframework.test.context.BootstrapUtils - Instantiating CacheAwareContextLoaderDelegate from class [org.springframework.test.context.cache.DefaultCacheAwareContextLoaderDelegate]
22:30:22.010 [Test worker] DEBUG org.springframework.test.context.BootstrapUtils - Instantiating BootstrapContext using constructor [public org.springframework.test.context.support.DefaultBootstrapContext(java.lang.Class,org.springframework.test.context.CacheAwareContextLoaderDelegate)]
22:30:22.062 [Test worker] DEBUG org.springframework.test.context.BootstrapUtils - Instantiating TestContextBootstrapper for test class [com.bmarques.movieapi.MovieControllerTest] from class [org.springframework.boot.test.context.SpringBootTestContextBootstrapper]
22:30:22.086 [Test worker] INFO org.springframework.boot.test.context.SpringBootTestContextBootstrapper - Neither @ContextConfiguration nor @ContextHierarchy found for test class [com.bmarques.movieapi.MovieControllerTest], using SpringBootContextLoader
22:30:22.091 [Test worker] DEBUG org.springframework.test.context.support.AbstractContextLoader - Did not detect default resource location for test class [com.bmarques.movieapi.MovieControllerTest]: class path resource [com/bmarques/movieapi/MovieControllerTest-context.xml] does not exist
22:30:22.092 [Test worker] DEBUG org.springframework.test.context.support.AbstractContextLoader - Did not detect default resource location for test class [com.bmarques.movieapi.MovieControllerTest]: class path resource [com/bmarques/movieapi/MovieControllerTestContext.groovy] does not exist
22:30:22.092 [Test worker] INFO org.springframework.test.context.support.AbstractContextLoader - Could not detect default resource locations for test class [com.bmarques.movieapi.MovieControllerTest]: no resource found for suffixes {-context.xml, Context.groovy}.
22:30:22.094 [Test worker] INFO org.springframework.test.context.support.AnnotationConfigContextLoaderUtils - Could not detect default configuration classes for test class [com.bmarques.movieapi.MovieControllerTest]: MovieControllerTest does not declare any static, non-private, non-final, nested classes annotated with @Configuration.
22:30:22.174 [Test worker] DEBUG org.springframework.test.context.support.ActiveProfilesUtils - Could not find an 'annotation declaring class' for annotation type [org.springframework.test.context.ActiveProfiles] and class [com.bmarques.movieapi.MovieControllerTest]
22:30:22.258 [Test worker] DEBUG org.springframework.context.annotation.ClassPathScanningCandidateComponentProvider - Identified candidate component class: file [/Users/wce_tmarques/Documents/github/tiagobmarques/movie-api/build/classes/java/main/com/bmarques/movieapi/MovieApiApplication.class]
22:30:22.260 [Test worker] INFO org.springframework.boot.test.context.SpringBootTestContextBootstrapper - Found @SpringBootConfiguration com.bmarques.movieapi.MovieApiApplication for test class com.bmarques.movieapi.MovieControllerTest
22:30:22.429 [Test worker] DEBUG org.springframework.boot.test.context.SpringBootTestContextBootstrapper - @TestExecutionListeners is not present for class [com.bmarques.movieapi.MovieControllerTest]: using defaults.
22:30:22.430 [Test worker] INFO org.springframework.boot.test.context.SpringBootTestContextBootstrapper - Loaded default TestExecutionListener class names from location [META-INF/spring.factories]: [org.springframework.boot.test.autoconfigure.restdocs.RestDocsTestExecutionListener, org.springframework.boot.test.autoconfigure.web.client.MockRestServiceServerResetTestExecutionListener, org.springframework.boot.test.autoconfigure.web.servlet.MockMvcPrintOnlyOnFailureTestExecutionListener, org.springframework.boot.test.autoconfigure.web.servlet.WebDriverTestExecutionListener, org.springframework.boot.test.autoconfigure.webservices.client.MockWebServiceServerTestExecutionListener, org.springframework.boot.test.mock.mockito.MockitoTestExecutionListener, org.springframework.boot.test.mock.mockito.ResetMocksTestExecutionListener, org.springframework.test.context.web.ServletTestExecutionListener, org.springframework.test.context.support.DirtiesContextBeforeModesTestExecutionListener, org.springframework.test.context.support.DependencyInjectionTestExecutionListener, org.springframework.test.context.support.DirtiesContextTestExecutionListener, org.springframework.test.context.transaction.TransactionalTestExecutionListener, org.springframework.test.context.jdbc.SqlScriptsTestExecutionListener, org.springframework.test.context.event.EventPublishingTestExecutionListener]
22:30:22.443 [Test worker] INFO org.springframework.boot.test.context.SpringBootTestContextBootstrapper - Using TestExecutionListeners: [org.springframework.test.context.web.ServletTestExecutionListener@165b2f7f, org.springframework.test.context.support.DirtiesContextBeforeModesTestExecutionListener@5536379e, org.springframework.boot.test.mock.mockito.MockitoTestExecutionListener@277f7dd3, org.springframework.boot.test.autoconfigure.SpringBootDependencyInjectionTestExecutionListener@6c8bca63, org.springframework.test.context.support.DirtiesContextTestExecutionListener@2364305a, org.springframework.test.context.transaction.TransactionalTestExecutionListener@470a696f, org.springframework.test.context.jdbc.SqlScriptsTestExecutionListener@1bc715b8, org.springframework.test.context.event.EventPublishingTestExecutionListener@292d1c71, org.springframework.boot.test.autoconfigure.restdocs.RestDocsTestExecutionListener@2b491fee, org.springframework.boot.test.autoconfigure.web.client.MockRestServiceServerResetTestExecutionListener@3f1c5af9, org.springframework.boot.test.autoconfigure.web.servlet.MockMvcPrintOnlyOnFailureTestExecutionListener@1c55f277, org.springframework.boot.test.autoconfigure.web.servlet.WebDriverTestExecutionListener@5ddabb18, org.springframework.boot.test.autoconfigure.webservices.client.MockWebServiceServerTestExecutionListener@3e8f7922, org.springframework.boot.test.mock.mockito.ResetMocksTestExecutionListener@63192798]
22:30:22.447 [Test worker] DEBUG org.springframework.test.context.support.AbstractDirtiesContextTestExecutionListener - Before test class: context [DefaultTestContext@58bf8650 testClass = MovieControllerTest, testInstance = [null], testMethod = [null], testException = [null], mergedContextConfiguration = [WebMergedContextConfiguration@73c60324 testClass = MovieControllerTest, locations = '{}', classes = '{class com.bmarques.movieapi.MovieApiApplication}', contextInitializerClasses = '[]', activeProfiles = '{}', propertySourceLocations = '{}', propertySourceProperties = '{org.springframework.boot.test.context.SpringBootTestContextBootstrapper=true}', contextCustomizers = set[org.springframework.boot.test.autoconfigure.properties.PropertyMappingContextCustomizer@4b3fa0b3, org.springframework.boot.test.autoconfigure.web.servlet.WebDriverContextCustomizerFactory$Customizer@32c726ee, [ImportsContextCustomizer@71ae31b0 key = [org.springframework.boot.test.autoconfigure.web.servlet.MockMvcAutoConfiguration, org.springframework.boot.test.autoconfigure.web.servlet.MockMvcWebClientAutoConfiguration, org.springframework.boot.test.autoconfigure.web.servlet.MockMvcWebDriverAutoConfiguration, org.springframework.boot.autoconfigure.security.oauth2.client.servlet.OAuth2ClientAutoConfiguration, org.springframework.boot.autoconfigure.security.oauth2.resource.servlet.OAuth2ResourceServerAutoConfiguration, org.springframework.boot.autoconfigure.security.servlet.SecurityAutoConfiguration, org.springframework.boot.autoconfigure.security.servlet.SecurityFilterAutoConfiguration, org.springframework.boot.autoconfigure.security.servlet.UserDetailsServiceAutoConfiguration, org.springframework.boot.test.autoconfigure.web.servlet.MockMvcSecurityConfiguration]], org.springframework.boot.test.context.filter.ExcludeFilterContextCustomizer@48e92c5c, org.springframework.boot.test.json.DuplicateJsonObjectContextCustomizerFactory$DuplicateJsonObjectContextCustomizer@386f0da3, org.springframework.boot.test.mock.mockito.MockitoContextCustomizer@0, org.springframework.boot.test.web.client.TestRestTemplateContextCustomizer@2ea6e30c, org.springframework.boot.test.context.SpringBootTestArgs@1, org.springframework.boot.test.context.SpringBootTestWebEnvironment@be35cd9], resourceBasePath = 'src/main/webapp', contextLoader = 'org.springframework.boot.test.context.SpringBootContextLoader', parent = [null]], attributes = map['org.springframework.test.context.web.ServletTestExecutionListener.activateListener' -> true]], class annotated with @DirtiesContext [false] with mode [null].
22:30:22.478 [Test worker] DEBUG org.springframework.test.context.support.TestPropertySourceUtils - Adding inlined properties to environment: {spring.jmx.enabled=false, org.springframework.boot.test.context.SpringBootTestContextBootstrapper=true}

  .   ____          _            __ _ _
 /\\ / ___'_ __ _ _(_)_ __  __ _ \ \ \ \
( ( )\___ | '_ | '_| | '_ \/ _` | \ \ \ \
 \\/  ___)| |_)| | | | | || (_| |  ) ) ) )
  '  |____| .__|_| |_|_| |_\__, | / / / /
 =========|_|==============|___/=/_/_/_/
 :: Spring Boot ::       (v2.3.12.RELEASE)

2022-07-13 22:30:22.841  INFO 67280 --- [    Test worker] c.bmarques.movieapi.MovieControllerTest  : Starting MovieControllerTest on wbrain-23kml7h with PID 67280 (started by wce_tmarques in /Users/wce_tmarques/Documents/github/tiagobmarques/movie-api)
2022-07-13 22:30:22.844  INFO 67280 --- [    Test worker] c.bmarques.movieapi.MovieControllerTest  : No active profile set, falling back to default profiles: default
2022-07-13 22:30:23.963  INFO 67280 --- [    Test worker] .s.d.r.c.RepositoryConfigurationDelegate : Bootstrapping Spring Data JPA repositories in DEFAULT mode.
2022-07-13 22:30:24.039  INFO 67280 --- [    Test worker] .s.d.r.c.RepositoryConfigurationDelegate : Finished Spring Data repository scanning in 65ms. Found 1 JPA repository interfaces.
2022-07-13 22:30:24.556  INFO 67280 --- [    Test worker] com.zaxxer.hikari.HikariDataSource       : HikariPool-1 - Starting...
2022-07-13 22:30:24.756  INFO 67280 --- [    Test worker] com.zaxxer.hikari.HikariDataSource       : HikariPool-1 - Start completed.
2022-07-13 22:30:25.006  INFO 67280 --- [    Test worker] o.hibernate.jpa.internal.util.LogHelper  : HHH000204: Processing PersistenceUnitInfo [name: default]
2022-07-13 22:30:25.047  INFO 67280 --- [    Test worker] org.hibernate.Version                    : HHH000412: Hibernate ORM core version 5.4.32.Final
2022-07-13 22:30:25.145  INFO 67280 --- [    Test worker] o.hibernate.annotations.common.Version   : HCANN000001: Hibernate Commons Annotations {5.1.2.Final}
2022-07-13 22:30:25.238  INFO 67280 --- [    Test worker] org.hibernate.dialect.Dialect            : HHH000400: Using dialect: org.hibernate.dialect.H2Dialect
2022-07-13 22:30:25.724  INFO 67280 --- [    Test worker] o.h.e.t.j.p.i.JtaPlatformInitiator       : HHH000490: Using JtaPlatform implementation: [org.hibernate.engine.transaction.jta.platform.internal.NoJtaPlatform]
2022-07-13 22:30:25.736  INFO 67280 --- [    Test worker] j.LocalContainerEntityManagerFactoryBean : Initialized JPA EntityManagerFactory for persistence unit 'default'
2022-07-13 22:30:26.473  WARN 67280 --- [    Test worker] JpaBaseConfiguration$JpaWebConfiguration : spring.jpa.open-in-view is enabled by default. Therefore, database queries may be performed during view rendering. Explicitly configure spring.jpa.open-in-view to disable this warning
2022-07-13 22:30:26.568  INFO 67280 --- [    Test worker] o.s.b.a.h2.H2ConsoleAutoConfiguration    : H2 console available at '/h2'. Database available at 'jdbc:h2:mem:moviedb'
2022-07-13 22:30:26.886  INFO 67280 --- [    Test worker] o.s.s.concurrent.ThreadPoolTaskExecutor  : Initializing ExecutorService 'applicationTaskExecutor'
2022-07-13 22:30:27.213  INFO 67280 --- [    Test worker] o.s.b.t.m.w.SpringBootMockServletContext : Initializing Spring TestDispatcherServlet ''
2022-07-13 22:30:27.214  INFO 67280 --- [    Test worker] o.s.t.web.servlet.TestDispatcherServlet  : Initializing Servlet ''
2022-07-13 22:30:27.247  INFO 67280 --- [    Test worker] o.s.t.web.servlet.TestDispatcherServlet  : Completed initialization in 33 ms
2022-07-13 22:30:27.891  INFO 67280 --- [    Test worker] c.bmarques.movieapi.MovieControllerTest  : Started MovieControllerTest in 5.402 seconds (JVM running for 6.942)
]]></system-out>
  <system-err><![CDATA[]]></system-err>
</testsuite>
